<?xml version="1.0" encoding="UTF-8"?>
<testng-results ignored="0" total="1" passed="1" failed="0" skipped="0">
  <reporter-output>
  </reporter-output>
  <suite started-at="2024-09-23T17:25:43 IST" name="Default suite" finished-at="2024-09-23T17:26:58 IST" duration-ms="74849">
    <groups>
    </groups>
    <test started-at="2024-09-23T17:25:43 IST" name="Default test" finished-at="2024-09-23T17:26:58 IST" duration-ms="74849">
      <class name="com.mvn.GeneralStore">
        <test-method is-config="true" signature="before()[pri:0, instance:com.mvn.GeneralStore@1750fbeb]" started-at="2024-09-23T17:25:43 IST" name="before" finished-at="2024-09-23T17:25:51 IST" duration-ms="8422" status="PASS">
          <reporter-output>
          </reporter-output>
        </test-method> <!-- before -->
        <test-method signature="store()[pri:0, instance:com.mvn.GeneralStore@1750fbeb]" started-at="2024-09-23T17:25:51 IST" name="store" finished-at="2024-09-23T17:26:55 IST" duration-ms="63672" status="PASS">
          <reporter-output>
          </reporter-output>
        </test-method> <!-- store -->
        <test-method is-config="true" signature="tearDown()[pri:0, instance:com.mvn.GeneralStore@1750fbeb]" started-at="2024-09-23T17:26:55 IST" name="tearDown" finished-at="2024-09-23T17:26:58 IST" duration-ms="2688" status="PASS">
          <reporter-output>
          </reporter-output>
        </test-method> <!-- tearDown -->
      </class> <!-- com.mvn.GeneralStore -->
    </test> <!-- Default test -->
  </suite> <!-- Default suite -->
</testng-results>
